<?xml version="1.0" encoding="UTF-8"?>
<!-- Generated by org.testng.reporters.JUnitXMLReporter -->
<testsuite hostname="DESKTOP-G0T9AQE" failures="3" tests="6" name="Regression_Test" time="113.563" errors="0" timestamp="6 Apr 2021 21:48:21 GMT">
  <testcase classname="Jasper.Automation.Tests.Tests" name="Check_provisional_text_for_Privacy" time="1.44">
    <failure type="java.lang.AssertionError" message="expected [true] but found [false]">
      <![CDATA[java.lang.AssertionError: expected [true] but found [false]
	at Jasper.Automation.Tests.Tests.Check_provisional_text_for_Privacy(Tests.java:109)
... Removed 28 stack frames]]>
    </failure>
  </testcase> <!-- Check_provisional_text_for_Privacy -->
  <testcase classname="Jasper.Automation.Tests.Tests" name="Check_provisional_text_for_Terms_and_condition" time="1.347">
    <failure type="java.lang.AssertionError" message="expected [true] but found [false]">
      <![CDATA[java.lang.AssertionError: expected [true] but found [false]
	at Jasper.Automation.Tests.Tests.Check_provisional_text_for_Terms_and_condition(Tests.java:97)
... Removed 28 stack frames]]>
    </failure>
  </testcase> <!-- Check_provisional_text_for_Terms_and_condition -->
  <testcase classname="Jasper.Automation.Tests.Tests" name="Factorial_for_limit_value_171_is_Not_infinity" time="5.535">
    <failure type="java.lang.AssertionError" message="expected [true] but found [false]">
      <![CDATA[java.lang.AssertionError: expected [true] but found [false]
	at Jasper.Automation.Tests.Tests.Factorial_for_limit_value_171_is_Not_infinity(Tests.java:84)
... Removed 28 stack frames]]>
    </failure>
  </testcase> <!-- Factorial_for_limit_value_171_is_Not_infinity -->
  <testcase classname="Jasper.Automation.Tests.Tests" name="Get_factorial_for_limit_value_170" time="5.451"/>
  <testcase classname="Jasper.Automation.Tests.Tests" name="Get_factorial_for_limit_value_zero" time="5.537"/>
  <testcase classname="Jasper.Automation.Tests.Tests" name="Happy_path_Get_factorial_valid_num" time="5.536"/>
</testsuite> <!-- Regression_Test -->
